# JRE version: OpenJDK Runtime Environment (11.0.10) (build 11.0.10+0-b96-7249189)
# Java VM: OpenJDK 64-Bit Server VM (11.0.10+0-b96-7249189, mixed mode, tiered, compressed oops, g1 gc, linux-amd64)
Heap:
 garbage-first heap   total 256000K, used 213440K [0x0000000080000000, 0x0000000100000000)
  region size 1024K, 108 young (110592K), 7 survivors (7168K)
 Metaspace       used 105285K, capacity 108049K, committed 108280K, reserved 1142784K
  class space    used 13382K, capacity 14402K, committed 14464K, reserved 1048576K
GC Heap History (20 events):
Event: 15.635 GC heap before
{Heap before GC invocations=8 (full 0):
 garbage-first heap   total 256000K, used 172911K [0x0000000080000000, 0x0000000100000000)
  region size 1024K, 116 young (118784K), 8 survivors (8192K)
 Metaspace       used 58425K, capacity 60146K, committed 60236K, reserved 1101824K
  class space    used 7489K, capacity 8062K, committed 8064K, reserved 1048576K
}
Event: 15.659 GC heap after
{Heap after GC invocations=9 (full 0):
 garbage-first heap   total 256000K, used 73575K [0x0000000080000000, 0x0000000100000000)
  region size 1024K, 17 young (17408K), 17 survivors (17408K)
 Metaspace       used 58425K, capacity 60146K, committed 60236K, reserved 1101824K
  class space    used 7489K, capacity 8062K, committed 8064K, reserved 1048576K
}
Event: 18.979 GC heap before
{Heap before GC invocations=10 (full 0):
 garbage-first heap   total 256000K, used 196455K [0x0000000080000000, 0x0000000100000000)
  region size 1024K, 137 young (140288K), 17 survivors (17408K)
 Metaspace       used 70592K, capacity 72766K, committed 72908K, reserved 1112064K
  class space    used 8992K, capacity 9715K, committed 9728K, reserved 1048576K
}
Event: 19.014 GC heap after
{Heap after GC invocations=11 (full 0):
 garbage-first heap   total 256000K, used 81472K [0x0000000080000000, 0x0000000100000000)
  region size 1024K, 18 young (18432K), 18 survivors (18432K)
 Metaspace       used 70592K, capacity 72766K, committed 72908K, reserved 1112064K
  class space    used 8992K, capacity 9715K, committed 9728K, reserved 1048576K
}
Event: 23.076 GC heap before
{Heap before GC invocations=11 (full 0):
 garbage-first heap   total 256000K, used 199232K [0x0000000080000000, 0x0000000100000000)
  region size 1024K, 134 young (137216K), 18 survivors (18432K)
 Metaspace       used 81610K, capacity 83923K, committed 84172K, reserved 1122304K
  class space    used 10481K, capacity 11260K, committed 11264K, reserved 1048576K
}
Event: 23.101 GC heap after
{Heap after GC invocations=12 (full 0):
 garbage-first heap   total 256000K, used 90387K [0x0000000080000000, 0x0000000100000000)
  region size 1024K, 17 young (17408K), 17 survivors (17408K)
 Metaspace       used 81610K, capacity 83923K, committed 84172K, reserved 1122304K
  class space    used 10481K, capacity 11260K, committed 11264K, reserved 1048576K
}
Event: 26.039 GC heap before
{Heap before GC invocations=12 (full 0):
 garbage-first heap   total 256000K, used 203027K [0x0000000080000000, 0x0000000100000000)
  region size 1024K, 127 young (130048K), 17 survivors (17408K)
 Metaspace       used 92962K, capacity 95712K, committed 95820K, reserved 1132544K
  class space    used 11925K, capacity 12859K, committed 12928K, reserved 1048576K
}
Event: 26.058 GC heap after
{Heap after GC invocations=13 (full 0):
 garbage-first heap   total 256000K, used 97408K [0x0000000080000000, 0x0000000100000000)
  region size 1024K, 16 young (16384K), 16 survivors (16384K)
 Metaspace       used 92962K, capacity 95712K, committed 95820K, reserved 1132544K
  class space    used 11925K, capacity 12859K, committed 12928K, reserved 1048576K
}
Event: 27.385 GC heap before
{Heap before GC invocations=13 (full 0):
 garbage-first heap   total 256000K, used 190592K [0x0000000080000000, 0x0000000100000000)
  region size 1024K, 108 young (110592K), 16 survivors (16384K)
 Metaspace       used 98062K, capacity 100896K, committed 101036K, reserved 1136640K
  class space    used 12573K, capacity 13552K, committed 13568K, reserved 1048576K
}
Event: 27.418 GC heap after
{Heap after GC invocations=14 (full 0):
 garbage-first heap   total 256000K, used 103610K [0x0000000080000000, 0x0000000100000000)
  region size 1024K, 13 young (13312K), 13 survivors (13312K)
 Metaspace       used 98062K, capacity 100896K, committed 101036K, reserved 1136640K
  class space    used 12573K, capacity 13552K, committed 13568K, reserved 1048576K
}
Event: 29.978 GC heap before
{Heap before GC invocations=15 (full 0):
 garbage-first heap   total 256000K, used 206010K [0x0000000080000000, 0x0000000100000000)
  region size 1024K, 114 young (116736K), 13 survivors (13312K)
 Metaspace       used 100569K, capacity 103247K, committed 103544K, reserved 1138688K
  class space    used 12786K, capacity 13757K, committed 13824K, reserved 1048576K
}
Event: 30.012 GC heap after
{Heap after GC invocations=16 (full 0):
 garbage-first heap   total 256000K, used 105835K [0x0000000080000000, 0x0000000100000000)
  region size 1024K, 9 young (9216K), 9 survivors (9216K)
 Metaspace       used 100569K, capacity 103247K, committed 103544K, reserved 1138688K
  class space    used 12786K, capacity 13757K, committed 13824K, reserved 1048576K
}
Event: 31.845 GC heap before
{Heap before GC invocations=16 (full 0):
 garbage-first heap   total 256000K, used 209259K [0x0000000080000000, 0x0000000100000000)
  region size 1024K, 111 young (113664K), 9 survivors (9216K)
 Metaspace       used 101755K, capacity 104467K, committed 104696K, reserved 1140736K
  class space    used 12892K, capacity 13836K, committed 13952K, reserved 1048576K
}
Event: 31.854 GC heap after
{Heap after GC invocations=17 (full 0):
 garbage-first heap   total 256000K, used 107462K [0x0000000080000000, 0x0000000100000000)
  region size 1024K, 5 young (5120K), 5 survivors (5120K)
 Metaspace       used 101755K, capacity 104467K, committed 104696K, reserved 1140736K
  class space    used 12892K, capacity 13836K, committed 13952K, reserved 1048576K
}
Event: 32.325 GC heap before
{Heap before GC invocations=17 (full 0):
 garbage-first heap   total 256000K, used 214982K [0x0000000080000000, 0x0000000100000000)
  region size 1024K, 108 young (110592K), 5 survivors (5120K)
 Metaspace       used 101823K, capacity 104519K, committed 104696K, reserved 1140736K
  class space    used 12902K, capacity 13873K, committed 13952K, reserved 1048576K
}
Event: 32.332 GC heap after
{Heap after GC invocations=18 (full 0):
 garbage-first heap   total 256000K, used 109365K [0x0000000080000000, 0x0000000100000000)
  region size 1024K, 5 young (5120K), 5 survivors (5120K)
 Metaspace       used 101823K, capacity 104519K, committed 104696K, reserved 1140736K
  class space    used 12902K, capacity 13873K, committed 13952K, reserved 1048576K
}
Event: 33.089 GC heap before
{Heap before GC invocations=18 (full 0):
 garbage-first heap   total 256000K, used 217909K [0x0000000080000000, 0x0000000100000000)
  region size 1024K, 109 young (111616K), 5 survivors (5120K)
 Metaspace       used 102108K, capacity 104775K, committed 104952K, reserved 1140736K
  class space    used 12922K, capacity 13873K, committed 13952K, reserved 1048576K
}
Event: 33.100 GC heap after
{Heap after GC invocations=19 (full 0):
 garbage-first heap   total 256000K, used 110842K [0x0000000080000000, 0x0000000100000000)
  region size 1024K, 6 young (6144K), 6 survivors (6144K)
 Metaspace       used 102108K, capacity 104775K, committed 104952K, reserved 1140736K
  class space    used 12922K, capacity 13873K, committed 13952K, reserved 1048576K
}
Event: 33.672 GC heap before
{Heap before GC invocations=19 (full 0):
 garbage-first heap   total 256000K, used 216314K [0x0000000080000000, 0x0000000100000000)
  region size 1024K, 109 young (111616K), 6 survivors (6144K)
 Metaspace       used 102114K, capacity 104775K, committed 104952K, reserved 1140736K
  class space    used 12922K, capacity 13873K, committed 13952K, reserved 1048576K
}
Event: 33.680 GC heap after
{Heap after GC invocations=20 (full 0):
 garbage-first heap   total 256000K, used 111040K [0x0000000080000000, 0x0000000100000000)
  region size 1024K, 7 young (7168K), 7 survivors (7168K)
 Metaspace       used 102114K, capacity 104775K, committed 104952K, reserved 1140736K
  class space    used 12922K, capacity 13873K, committed 13952K, reserved 1048576K
}

